[2026-04-23T14:09:56+00:00] [alta] task=None tipo=email_novo — Reunião com Samarco sobre Cronograma agendada para 23 abr 2026 12pm (deliverable=None) → Confirmar presença e preparar pauta de datas (kickoff, divulgação, execução MG/ES)
[2026-04-23T14:09:56+00:00] [media] task=None tipo=email_novo — Checkpoint semanal ESTAÇÃO SAMARCO criado para todas as sextas-feiras até 30 dez 2026 (deliverable=None) → Adicionar ao calendário e garantir participação de Lucas Rotta e Bruna Seibel
[2026-04-23T14:09:56+00:00] [media] task=None tipo=email_novo — Abilio compartilhou apresentação do projeto com próximos passos e perguntas para time de sensibilização (deliverable=None) → Revisar apresentação (slide 27) e distribuir perguntas ao time de sensibilização conforme combinado
[2026-04-23T14:09:56+00:00] [DECISAO] Reunião confirmada com Samarco para definir datas do cronograma (kickoff, divulgação, execução MG/ES) — impacta blocker DATAS-CRONOGRAMA
[2026-04-23T14:09:56+00:00] [DECISAO] Checkpoints semanais estabelecidos às sextas-feiras com participação de Samarco e NTICS
[2026-04-23T15:06:15+00:00] [alta] task=planilha-operacional-132_ENGAJAMENTO tipo=aba_nova — Aba ENGAJAMENTO criada com 15 linhas vazias. Estrutura: CIDADE/ESTADO, EMPRESA/PARCEIROS, CONTATO, CARGO, REGISTRO, TELEFONE/E-MAIL, TERMO DE ADESÃO, GRADE ALUNOS. (deliverable=None) → Validar com Roberta+Cintia se esta aba será preenchida com mapeamento de cidades+instituições (prometido até 23/04). Alinhar estrutura com fluxo de engajamento.
[2026-04-23T15:06:15+00:00] [alta] task=planilha-operacional-132_GRADE_DE_EXECUÇÃO tipo=aba_nova — Aba GRADE DE EXECUÇÃO criada com 39 linhas preenchidas. Estrutura: ESTADO, CIDADE, DATA INÍCIO/FIM, TRILHA, META ALUNOS, HORÁRIO, CARGA HORÁRIA, LOCAL. Datas mapeadas para 2026 (Brumal, Catas Altas, Bento Rodrigues, Antonio Pereira). Faltam: ESTADO (vazio), META ALUNOS, HORÁRIO, CARGA HORÁRIA, LOCAL. (deliverable=None) → Cobrar de Roberta+Cintia preenchimento urgente de ESTADO, META ALUNOS, HORÁRIO, LOCAL e confirmação de datas. Validar se cidades/datas batem com mapeamento em andamento (blocker DATAS-CRONOGRAMA-ES).
[2026-04-23T15:06:15+00:00] [media] task=planilha-operacional-132_FINALIZAÇÃO tipo=aba_nova — Aba FINALIZAÇÃO criada. Estrutura: DATA, CIDADE, ATIVIDADE, ESCOLA, ZONA, QUANTIDADE DE ALUNOS, TURNO, SÉRIE, POSSUI ALUNO PCD. Vazia (apenas cabeçalho). (deliverable=None) → Esclarecer uso desta aba. Parece ser registro pós-execução. Agendar com Samarco (Roberta/Cintia) para detalhar como será alimentada.
[2026-04-23T15:06:15+00:00] [media] task=planilha-operacional-132_FORNECEDORES tipo=aba_nova — Aba FORNECEDORES criada. Estrutura: FORNECEDOR, NOME, CONTATO, VALOR. Vazia. (deliverable=None) → Relacionar com ação de Abilio encaminhar contatos de produtores (MG+ES) ao Lucas. Validar se Lucas preencherá esta aba.
[2026-04-23T15:06:15+00:00] [baixa] task=planilha-operacional-132_CHECK_LIST_COMPRAS tipo=aba_nova — Aba CHECK LIST DE COMPRAS criada. Estrutura: QUANTIDADE, ITEM, VALOR. Vazia (cabeçalho e uma linha). (deliverable=None) → Esclarecer responsável pelo preenchimento. Coordenar com Lucas (culinária/produtores) ou Samarco conforme escopo de compras.
[2026-04-24T13:33:33+00:00] [alta] task=checkpoint-ntics-1mai2026 tipo=email_novo — Abilio agendou Checkpoint NTICS para sexta 1º maio 2026 10:00-11:00 com Lucas, Cintia, Roberta e Bruna (deliverable=None) → Confirmar presença dos participantes e preparar pauta de alinhamento para o checkpoint
[2026-04-24T13:33:33+00:00] [alta] task=reuniao-semanal-checkpoint tipo=email_novo — Abilio agendou reunião semanal ESTAÇÃO SAMARCO - Checkpoint NTICS toda sexta-feira 10:00-11:00 de 17 abr a 30 dez 2026 (deliverable=None) → Bloquear calendário dos participantes (Lucas, Cintia, Roberta) para cadência semanal de acompanhamento
[2026-04-24T13:33:33+00:00] [alta] task=esboço-cronograma-execução tipo=email_novo — Abilio agendou reunião Esboço Cronograma de Execução para quinta 23 abr 2026 13:00-14:00 com Lucas e Cintia (deliverable=None) → Preparar insumos de cronograma ES (blocker DATAS-CRONOGRAMA-ES) para discussão e definição de datas com Roberta+Cintia
[2026-04-24T13:33:33+00:00] [media] task=esboço-cronograma-execução-confirmação tipo=email_resposta — Cintia confirmou que a reunião de cronograma de 23 abr 13:00 é a agenda correta (deliverable=None) → Confirmar participação e garantir que mapeamento de cidades+instituições será apresentado nesta reunião
[2026-04-24T13:33:33+00:00] [DECISAO] Reunião Esboço Cronograma de Execução confirmada para 23 abr 13:00-14:00 (Cintia validou agenda)
[2026-04-29T00:13:50+00:00] [media] task=868j96x1m tipo=delta_cru — ORIENTAÇÃO PEÇAS DESIGNER — ['status', 'assignees'] (deliverable=None) → —
[2026-04-29T00:13:50+00:00] [media] task=868jag9te tipo=delta_cru — KV ESTAÇÃO SAMARCO EMPREENDEDORISMO + BIBLIOTECA DE ÍCONES — ['status', 'assignees', 'comentarios_novos'] (deliverable=None) → —
[2026-04-29T00:13:50+00:00] [media] task=868jag9vt tipo=delta_cru — CARROSSEL INFORMATIVO PRÉ — ['assignees'] (deliverable=None) → —
[2026-04-29T00:13:50+00:00] [media] task=868jag9wf tipo=delta_cru — CONVITE POST CIDADE — ['status'] (deliverable=None) → —
[2026-04-29T00:13:50+00:00] [media] task=868jag9wk tipo=delta_cru — IMAGEM CONVITE WHATSAPP — ['assignees'] (deliverable=None) → —
[2026-04-29T00:13:50+00:00] [media] task=868jag9xt tipo=delta_cru — CARD INSCRIÇÃO QR — ['assignees'] (deliverable=None) → —
[2026-04-29T00:13:50+00:00] [media] task=868jag9yn tipo=delta_cru — PANTOJET — ['assignees'] (deliverable=None) → —
[2026-04-29T00:13:50+00:00] [media] task=868jag9yt tipo=delta_cru — 6 ROLLUPS — ['assignees'] (deliverable=None) → —
[2026-04-29T00:13:50+00:00] [media] task=868jd050x tipo=delta_cru — MODELO PPT — ['status', 'name', 'assignees'] (deliverable=None) → —
[2026-04-29T00:13:50+00:00] [media] task=868jag9yu tipo=delta_cru — WIND BANNER — ['assignees'] (deliverable=None) → —
[2026-04-29T00:13:50+00:00] [media] task=868jd04k6 tipo=delta_cru — BANNER FORMS — ['status', 'name', 'assignees'] (deliverable=None) → —
[2026-04-29T00:13:50+00:00] [media] task=868jag9z9 tipo=delta_cru — SAIA BANCADA CULINÁRIA — ['assignees'] (deliverable=None) → —
[2026-04-29T00:13:50+00:00] [media] task=868jaga1k tipo=delta_cru — PLACA FOTOS — ['assignees'] (deliverable=None) → —
[2026-04-29T00:13:50+00:00] [media] task=868jaga1z tipo=delta_cru — CERTIFICADO TRILHA INICIAL — ['assignees'] (deliverable=None) → —
[2026-04-29T00:13:50+00:00] [media] task=868jaga0k tipo=delta_cru — LOGO APLICADA - CAMISETAS EQUIPE CAMPO — ['name', 'assignees'] (deliverable=None) → —
[2026-04-29T00:13:50+00:00] [media] task=868jaga02 tipo=delta_cru — LOGO APLICADA - AVENTAL CORTE CABELO — ['name', 'assignees'] (deliverable=None) → —
[2026-04-29T00:13:50+00:00] [media] task=868jag9zz tipo=delta_cru — LOGO APLICADA - UNIFORME FACILITADOR BELEZA — ['name', 'assignees'] (deliverable=None) → —
[2026-04-29T00:13:50+00:00] [media] task=868jag9zx tipo=delta_cru — LOGO APLICADA - DOLMA CULINÁRIA — ['name', 'assignees'] (deliverable=None) → —
[2026-04-29T00:13:50+00:00] [media] task=868jagkzr tipo=delta_cru — CERTIFICADO ESTAÇÃO BELEZA — ['assignees'] (deliverable=None) → —
[2026-04-29T00:13:50+00:00] [media] task=868jag9zb tipo=delta_cru — APOSTILA — ['name', 'assignees'] (deliverable=None) → —
[2026-04-29T00:13:50+00:00] [media] task=868jag9zr tipo=delta_cru — LOGO APLICADA - AVENTAL CULINÁRIA PARTICIPANTE — ['name', 'assignees'] (deliverable=None) → —
[2026-04-29T00:13:50+00:00] [media] task=868jaga1v tipo=delta_cru — CERTIFICADO ESTAÇÃO SABORES — ['assignees'] (deliverable=None) → —
[2026-04-29T00:13:50+00:00] [media] task=19dd4f08bc785006 tipo=thread_nova — Anotações: "Reunião Produção - Estação SAMARCO" em 28 de abr. de 2026 — ['tipo', 'last_msg_id', 'subject', 'from', 'to', 'date', 'snippet', 'n_msgs'] (deliverable=None) → —
[2026-04-29T00:13:50+00:00] [media] task=19dd3cfbf898d09e tipo=thread_nova — Recusado: ESTAÇÃO SAMARCO - Checkpoint NTICS - Semanal: de 9am até 10am cada sexta-feira de sex. 1 mai. até qua. 30 dez. (GMT-4) (Lucas Rotta) — ['tipo', 'last_msg_id', 'subject', 'from', 'to', 'date', 'snippet', 'n_msgs'] (deliverable=None) → —
[2026-04-29T00:13:50+00:00] [media] task=19dd09fece89ff39 tipo=thread_nova — RE: ESTAÇÃO SAMARCO - Mapeamento MG e ES — ['tipo', 'last_msg_id', 'subject', 'from', 'to', 'date', 'snippet', 'n_msgs'] (deliverable=None) → —
[2026-04-29T00:13:50+00:00] [media] task=19dd04dfb783c8ca tipo=thread_nova — Aceito: Reunião Produção - Estação SAMARCO - ter. 28 abr. 2026 12pm - 12:30pm (GMT-4) (Lucas Rotta) — ['tipo', 'last_msg_id', 'subject', 'from', 'to', 'date', 'snippet', 'n_msgs'] (deliverable=None) → —
[2026-04-29T00:13:50+00:00] [media] task=19d8d5acf0d6acff tipo=thread_nova — RES: Estação Samarco — ['tipo', 'last_msg_id', 'subject', 'from', 'to', 'date', 'snippet', 'n_msgs'] (deliverable=None) → —
[2026-04-29T00:13:50+00:00] [media] task=19dcfb79485c4674 tipo=thread_nova — Peças de Design Estação Samarco — ['tipo', 'last_msg_id', 'subject', 'from', 'to', 'date', 'snippet', 'n_msgs'] (deliverable=None) → —
[2026-04-29T00:13:50+00:00] [media] task=19d8cab68df988c5 tipo=thread_nova — Re: [Estação Samarco] Cronograma pré + Itens para confirmação cidades do projeto — ['tipo', 'last_msg_id', 'subject', 'from', 'to', 'date', 'snippet', 'n_msgs'] (deliverable=None) → —
[2026-04-29T00:13:50+00:00] [media] task=19dc0c75a6b44aa1 tipo=thread_nova — Convite: ESTAÇÃO SAMARCO - Checkpoint NTICS - Semanal: de 1pm até 2pm cada quinta-feira (GMT-4) (Lucas Rotta) — ['tipo', 'last_msg_id', 'subject', 'from', 'to', 'date', 'snippet', 'n_msgs'] (deliverable=None) → —
[2026-04-29T17:32:50+00:00] [media] task=868jag9wk tipo=status_change — Imagem convite WhatsApp movida de backlog para revisão. Marina Chagas encaminhou pasta do Drive para aprovação de Lucas Rotta. (deliverable=None) → Lucas Rotta deve revisar as imagens no Drive e aprovar/rejeitar com feedback até próximo sync.
[2026-04-29T17:32:50+00:00] [media] task=None tipo=email_resposta — Lucas Rotta responde a Rayane (Samarco) confirmando acordo com diretrizes e iniciando estruturação do plano de comunicação em apresentação oficial. (deliverable=None) → Aguardar entrega da apresentação oficial de plano de comunicação por Lucas. Validar se isso desbloqueia ou impacta cronograma de comunicação.
[2026-04-29T17:32:50+00:00] [DECISAO] Lucas Rotta está de acordo com as diretrizes de comunicação enviadas por Rayane e estruturará plano oficial em apresentação.
[2026-04-29T21:13:57+00:00] [media] task=868j96x1m tipo=status_change — ORIENTAÇÃO PEÇAS DESIGNER movida de 'em andamento' para 'revisão' (deliverable=None) → Verificar se a revisão está com o responsável designado e qual é o critério de aprovação
[2026-04-29T21:13:57+00:00] [alta] task=868jag9xt tipo=status_change — CARD INSCRIÇÃO QR movida de 'backlog' para 'revisão' (deliverable=None) → Marina Chagas entregou os cards (Drive), mas apontou URLs inválidas para geração de QR. Coordenar com Lucas Rotta para validar/corrigir URLs antes de finalizar
[2026-04-29T21:13:57+00:00] [alta] task=868jag9xt tipo=new_comment — Marina Chagas comentou: arquivos entregues no Drive, mas QRCodes não geraram por URLs inválidas (deliverable=None) → Solicitar a Marina ou Lucas que valide/corrija as URLs para completar a geração de QR
[2026-04-29T21:13:57+00:00] [media] task=868jag9yn tipo=status_change — PANTOJET movida de 'backlog' para 'revisão' (deliverable=None) → Marina Chagas entregou arquivos. Coordenar revisão com Lucas Rotta
[2026-04-29T21:13:57+00:00] [baixa] task=868jag9yn tipo=new_comment — Marina Chagas comentou: PANTOJET finalizado, arquivos no Drive (deliverable=None) → —
[2026-04-29T21:13:57+00:00] [media] task=868jag9yt tipo=status_change — 6 ROLLUPS movida de 'backlog' para 'em andamento' (deliverable=None) → Acompanhar progresso e confirmar prazo de entrega
[2026-04-29T21:13:57+00:00] [DECISAO] Marina Chagas bloqueada em CARD INSCRIÇÃO QR por URLs inválidas — necessário corrigir antes de gerar QRCodes
[2026-04-29T22:22:14+00:00] [media] task=868jag9yt tipo=status_change — 6 ROLLUPS movido de 'em andamento' para 'revisão' com entrega de drive por Marina (deliverable=None) → Lucas revisar materiais no drive e aprovar/devolver comentários
[2026-04-29T22:22:14+00:00] [media] task=868jag9yu tipo=status_change — WIND BANNER movido de 'backlog' para 'revisão' com entrega de drive por Marina (deliverable=None) → Lucas revisar e aprovar wind banner
[2026-04-29T22:22:14+00:00] [media] task=868jag9z9 tipo=status_change — SAIA BANCADA CULINÁRIA movido de 'backlog' para 'revisão' por Marina (deliverable=None) → Revisar saia da bancada culinária e aprovar
[2026-04-29T22:22:14+00:00] [baixa] task=868jaga1k tipo=status_change — PLACA FOTOS movido de 'backlog' para 'em andamento' (deliverable=None) → —
[2026-04-29T22:22:14+00:00] [media] task=868jaga0k tipo=status_change — LOGO APLICADA - CAMISETAS EQUIPE CAMPO movido de 'backlog' para 'revisão' (deliverable=None) → Revisar logo aplicada em camisetas
[2026-04-29T22:22:14+00:00] [media] task=868jaga02 tipo=status_change — LOGO APLICADA - AVENTAL CORTE CABELO movido de 'backlog' para 'revisão' (deliverable=None) → Revisar logo aplicada em avental
[2026-04-29T22:22:14+00:00] [media] task=868jag9zz tipo=status_change — LOGO APLICADA - UNIFORME FACILITADOR BELEZA movido de 'backlog' para 'revisão' (deliverable=None) → Revisar logo aplicada em uniforme
[2026-04-29T22:22:14+00:00] [media] task=868jag9zx tipo=status_change — LOGO APLICADA - DOLMA CULINÁRIA movido de 'backlog' para 'revisão' (deliverable=None) → Revisar logo aplicada em dolma
[2026-04-29T22:22:14+00:00] [alta] task=868jag9zb tipo=status_change — APOSTILA movido de 'backlog' para 'revisão' com conclusão por Marina (deliverable=None) → Lucas revisar e aprovar apostila
[2026-04-29T22:22:14+00:00] [media] task=868jag9zr tipo=status_change — LOGO APLICADA - AVENTAL CULINÁRIA PARTICIPANTE movido de 'backlog' para 'revisão' com conclusão por Marina (deliverable=None) → Revisar logo aplicada em avental participante
